2026-02-11T18:46:13.782525Z DEBUG robotarm_controller: src\main.rs:131: Starting serial thread
2026-02-11T18:46:13.989722Z TRACE robotarm_controller::serial: src\serial\mod.rs:49: Error reading from serial port: Deserialization error: The original data was not well encoded
2026-02-11T18:46:13.989804Z TRACE robotarm_controller::serial: src\serial\mod.rs:52: Serial port closed
2026-02-11T18:46:14.081612Z TRACE robotarm_controller::serial: src\serial\mod.rs:49: Error reading from serial port: Deserialization error: The original data was not well encoded
2026-02-11T18:46:14.081679Z TRACE robotarm_controller::serial: src\serial\mod.rs:52: Serial port closed
2026-02-11T18:46:14.301722Z DEBUG robotarm_controller::ui::plot: src\ui\plot.rs:25: Adding point: t=1223.290785, angle=1.6858449, vel=0
2026-02-11T18:46:14.341496Z TRACE robotarm_controller::serial: src\serial\mod.rs:49: Error reading from serial port: Deserialization error: The original data was not well encoded
2026-02-11T18:46:14.341548Z TRACE robotarm_controller::serial: src\serial\mod.rs:52: Serial port closed
2026-02-11T18:46:14.344501Z DEBUG robotarm_controller::ui::plot: src\ui\plot.rs:25: Adding point: t=0.2687149999999292, angle=1.6858449, vel=0
2026-02-11T18:46:14.617332Z TRACE robotarm_controller::serial: src\serial\mod.rs:49: Error reading from serial port: Deserialization error: The original data was not well encoded
2026-02-11T18:46:14.617384Z TRACE robotarm_controller::serial: src\serial\mod.rs:52: Serial port closed
2026-02-11T18:46:14.618548Z DEBUG robotarm_controller::ui::plot: src\ui\plot.rs:25: Adding point: t=0.5374289999999746, angle=1.6858449, vel=0
2026-02-11T18:46:14.878855Z TRACE robotarm_controller::serial: src\serial\mod.rs:49: Error reading from serial port: Deserialization error: The original data was not well encoded
2026-02-11T18:46:14.878910Z TRACE robotarm_controller::serial: src\serial\mod.rs:52: Serial port closed
2026-02-11T18:46:14.890597Z DEBUG robotarm_controller::ui::plot: src\ui\plot.rs:25: Adding point: t=0.8061330000000453, angle=1.6858449, vel=0
2026-02-11T18:46:15.155586Z TRACE robotarm_controller::serial: src\serial\mod.rs:49: Error reading from serial port: Deserialization error: The original data was not well encoded
2026-02-11T18:46:15.155637Z TRACE robotarm_controller::serial: src\serial\mod.rs:52: Serial port closed
2026-02-11T18:46:15.163850Z DEBUG robotarm_controller::ui::plot: src\ui\plot.rs:25: Adding point: t=1.0748340000000098, angle=1.6858449, vel=0
2026-02-11T18:46:15.417344Z TRACE robotarm_controller::serial: src\serial\mod.rs:49: Error reading from serial port: Deserialization error: The original data was not well encoded
2026-02-11T18:46:15.417403Z TRACE robotarm_controller::serial: src\serial\mod.rs:52: Serial port closed
2026-02-11T18:46:15.426551Z DEBUG robotarm_controller::ui::plot: src\ui\plot.rs:25: Adding point: t=1.3435380000000805, angle=1.6858449, vel=0
2026-02-11T18:46:15.691045Z TRACE robotarm_controller::serial: src\serial\mod.rs:49: Error reading from serial port: Deserialization error: The original data was not well encoded
2026-02-11T18:46:15.691093Z TRACE robotarm_controller::serial: src\serial\mod.rs:52: Serial port closed
2026-02-11T18:46:15.699339Z DEBUG robotarm_controller::ui::plot: src\ui\plot.rs:25: Adding point: t=1.612233999999944, angle=1.6229517, vel=0
2026-02-11T18:46:15.951615Z TRACE robotarm_controller::serial: src\serial\mod.rs:49: Error reading from serial port: Deserialization error: The original data was not well encoded
2026-02-11T18:46:15.951668Z TRACE robotarm_controller::serial: src\serial\mod.rs:52: Serial port closed
2026-02-11T18:46:15.972410Z DEBUG robotarm_controller::ui::plot: src\ui\plot.rs:25: Adding point: t=1.8809180000000651, angle=1.0630487, vel=-11.44765
2026-02-11T18:46:16.224011Z TRACE robotarm_controller::serial: src\serial\mod.rs:49: Error reading from serial port: Deserialization error: The original data was not well encoded
2026-02-11T18:46:16.224066Z TRACE robotarm_controller::serial: src\serial\mod.rs:52: Serial port closed
2026-02-11T18:46:16.244782Z DEBUG robotarm_controller::ui::plot: src\ui\plot.rs:25: Adding point: t=2.1496159999999236, angle=0.59825253, vel=0
2026-02-11T18:46:16.499750Z TRACE robotarm_controller::serial: src\serial\mod.rs:49: Error reading from serial port: Deserialization error: The original data was not well encoded
2026-02-11T18:46:16.499813Z TRACE robotarm_controller::serial: src\serial\mod.rs:52: Serial port closed
2026-02-11T18:46:16.517846Z DEBUG robotarm_controller::ui::plot: src\ui\plot.rs:25: Adding point: t=2.4183049999999184, angle=0.7838642, vel=0
2026-02-11T18:46:16.759066Z TRACE robotarm_controller::serial: src\serial\mod.rs:49: Error reading from serial port: Deserialization error: The original data was not well encoded
2026-02-11T18:46:16.759123Z TRACE robotarm_controller::serial: src\serial\mod.rs:52: Serial port closed
2026-02-11T18:46:16.790668Z DEBUG robotarm_controller::ui::plot: src\ui\plot.rs:25: Adding point: t=2.6869879999999284, angle=1.2977477, vel=0
2026-02-11T18:46:17.035142Z TRACE robotarm_controller::serial: src\serial\mod.rs:49: Error reading from serial port: Deserialization error: The original data was not well encoded
2026-02-11T18:46:17.035193Z TRACE robotarm_controller::serial: src\serial\mod.rs:52: Serial port closed
2026-02-11T18:46:17.062942Z DEBUG robotarm_controller::ui::plot: src\ui\plot.rs:25: Adding point: t=2.9556700000000546, angle=1.7533401, vel=0
2026-02-11T18:46:17.294031Z TRACE robotarm_controller::serial: src\serial\mod.rs:49: Error reading from serial port: Deserialization error: The original data was not well encoded
2026-02-11T18:46:17.294082Z TRACE robotarm_controller::serial: src\serial\mod.rs:52: Serial port closed
2026-02-11T18:46:17.302810Z DEBUG robotarm_controller::ui::plot: src\ui\plot.rs:25: Adding point: t=3.2243539999999484, angle=2.0401945, vel=0
2026-02-11T18:46:17.568595Z TRACE robotarm_controller::serial: src\serial\mod.rs:49: Error reading from serial port: Deserialization error: The original data was not well encoded
2026-02-11T18:46:17.568647Z TRACE robotarm_controller::serial: src\serial\mod.rs:52: Serial port closed
2026-02-11T18:46:17.575821Z DEBUG robotarm_controller::ui::plot: src\ui\plot.rs:25: Adding point: t=3.4930320000000847, angle=2.2595537, vel=0
2026-02-11T18:46:17.842187Z TRACE robotarm_controller::serial: src\serial\mod.rs:49: Error reading from serial port: Deserialization error: The original data was not well encoded
2026-02-11T18:46:17.842245Z TRACE robotarm_controller::serial: src\serial\mod.rs:52: Serial port closed
2026-02-11T18:46:17.848019Z DEBUG robotarm_controller::ui::plot: src\ui\plot.rs:25: Adding point: t=3.761707000000115, angle=2.2304082, vel=0
2026-02-11T18:46:18.101484Z TRACE robotarm_controller::serial: src\serial\mod.rs:49: Error reading from serial port: Deserialization error: The original data was not well encoded
2026-02-11T18:46:18.101536Z TRACE robotarm_controller::serial: src\serial\mod.rs:52: Serial port closed
2026-02-11T18:46:18.121044Z DEBUG robotarm_controller::ui::plot: src\ui\plot.rs:25: Adding point: t=4.03038400000014, angle=1.9542916, vel=-11.44765
2026-02-11T18:46:18.375012Z TRACE robotarm_controller::serial: src\serial\mod.rs:49: Error reading from serial port: Deserialization error: The original data was not well encoded
2026-02-11T18:46:18.375058Z TRACE robotarm_controller::serial: src\serial\mod.rs:52: Serial port closed
2026-02-11T18:46:18.394280Z DEBUG robotarm_controller::ui::plot: src\ui\plot.rs:25: Adding point: t=4.299068000000034, angle=1.5063692, vel=-11.36197
2026-02-11T18:46:18.650310Z TRACE robotarm_controller::serial: src\serial\mod.rs:49: Error reading from serial port: Deserialization error: The original data was not well encoded
2026-02-11T18:46:18.650361Z TRACE robotarm_controller::serial: src\serial\mod.rs:52: Serial port closed
2026-02-11T18:46:18.666523Z DEBUG robotarm_controller::ui::plot: src\ui\plot.rs:25: Adding point: t=4.567747999999938, angle=1.0845244, vel=0
2026-02-11T18:46:18.911071Z TRACE robotarm_controller::serial: src\serial\mod.rs:49: Error reading from serial port: Deserialization error: The original data was not well encoded
2026-02-11T18:46:18.911190Z TRACE robotarm_controller::serial: src\serial\mod.rs:52: Serial port closed
2026-02-11T18:46:18.938834Z DEBUG robotarm_controller::ui::plot: src\ui\plot.rs:25: Adding point: t=4.836422999999968, angle=1.1366798, vel=0
2026-02-11T18:46:19.185927Z TRACE robotarm_controller::serial: src\serial\mod.rs:49: Error reading from serial port: Deserialization error: The original data was not well encoded
2026-02-11T18:46:19.185977Z TRACE robotarm_controller::serial: src\serial\mod.rs:52: Serial port closed
2026-02-11T18:46:19.212718Z DEBUG robotarm_controller::ui::plot: src\ui\plot.rs:25: Adding point: t=5.105101999999988, angle=1.201107, vel=0
2026-02-11T18:46:19.446006Z TRACE robotarm_controller::serial: src\serial\mod.rs:49: Error reading from serial port: Deserialization error: The original data was not well encoded
2026-02-11T18:46:19.446058Z TRACE robotarm_controller::serial: src\serial\mod.rs:52: Serial port closed
2026-02-11T18:46:19.448892Z DEBUG robotarm_controller::ui::plot: src\ui\plot.rs:25: Adding point: t=5.373788000000104, angle=1.199573, vel=0
2026-02-11T18:46:19.722260Z TRACE robotarm_controller::serial: src\serial\mod.rs:49: Error reading from serial port: Deserialization error: The original data was not well encoded
2026-02-11T18:46:19.722316Z TRACE robotarm_controller::serial: src\serial\mod.rs:52: Serial port closed
2026-02-11T18:46:19.723117Z DEBUG robotarm_controller::ui::plot: src\ui\plot.rs:25: Adding point: t=5.642473000000109, angle=1.1642915, vel=0
2026-02-11T18:46:19.981520Z TRACE robotarm_controller::serial: src\serial\mod.rs:49: Error reading from serial port: Deserialization error: The original data was not well encoded
2026-02-11T18:46:19.981570Z TRACE robotarm_controller::serial: src\serial\mod.rs:52: Serial port closed
2026-02-11T18:46:19.987294Z DEBUG robotarm_controller::ui::plot: src\ui\plot.rs:25: Adding point: t=5.911153000000013, angle=1.4542139, vel=11.44765
2026-02-11T18:46:20.257884Z TRACE robotarm_controller::serial: src\serial\mod.rs:49: Error reading from serial port: Deserialization error: The original data was not well encoded
2026-02-11T18:46:20.257931Z TRACE robotarm_controller::serial: src\serial\mod.rs:52: Serial port closed
2026-02-11T18:46:20.260137Z DEBUG robotarm_controller::ui::plot: src\ui\plot.rs:25: Adding point: t=6.179839000000129, angle=1.7487382, vel=11.44765
2026-02-11T18:46:20.519925Z TRACE robotarm_controller::serial: src\serial\mod.rs:49: Error reading from serial port: Deserialization error: The original data was not well encoded
2026-02-11T18:46:20.519983Z TRACE robotarm_controller::serial: src\serial\mod.rs:52: Serial port closed
2026-02-11T18:46:20.532795Z DEBUG robotarm_controller::ui::plot: src\ui\plot.rs:25: Adding point: t=6.448523000000023, angle=2.0540004, vel=11.44765
2026-02-11T18:46:20.796247Z TRACE robotarm_controller::serial: src\serial\mod.rs:49: Error reading from serial port: Deserialization error: The original data was not well encoded
2026-02-11T18:46:20.796305Z TRACE robotarm_controller::serial: src\serial\mod.rs:52: Serial port closed
2026-02-11T18:46:20.805984Z DEBUG robotarm_controller::ui::plot: src\ui\plot.rs:25: Adding point: t=6.717200999999932, angle=2.3362527, vel=0
2026-02-11T18:46:21.070875Z TRACE robotarm_controller::serial: src\serial\mod.rs:49: Error reading from serial port: Deserialization error: The original data was not well encoded
2026-02-11T18:46:21.070930Z TRACE robotarm_controller::serial: src\serial\mod.rs:52: Serial port closed
2026-02-11T18:46:21.078181Z DEBUG robotarm_controller::ui::plot: src\ui\plot.rs:25: Adding point: t=6.985875999999962, angle=2.2610877, vel=0
2026-02-11T18:46:21.328564Z TRACE robotarm_controller::serial: src\serial\mod.rs:49: Error reading from serial port: Deserialization error: The original data was not well encoded
2026-02-11T18:46:21.328616Z TRACE robotarm_controller::serial: src\serial\mod.rs:52: Serial port closed
2026-02-11T18:46:21.350372Z DEBUG robotarm_controller::ui::plot: src\ui\plot.rs:25: Adding point: t=7.254552000000103, angle=2.0586023, vel=0
2026-02-11T18:46:21.602560Z TRACE robotarm_controller::serial: src\serial\mod.rs:49: Error reading from serial port: Deserialization error: The original data was not well encoded
2026-02-11T18:46:21.602615Z TRACE robotarm_controller::serial: src\serial\mod.rs:52: Serial port closed
2026-02-11T18:46:21.623351Z DEBUG robotarm_controller::ui::plot: src\ui\plot.rs:25: Adding point: t=7.523225000000139, angle=2.0570683, vel=0
2026-02-11T18:46:21.863526Z TRACE robotarm_controller::serial: src\serial\mod.rs:49: Error reading from serial port: Deserialization error: The original data was not well encoded
2026-02-11T18:46:21.863588Z TRACE robotarm_controller::serial: src\serial\mod.rs:52: Serial port closed
2026-02-11T18:46:21.896290Z DEBUG robotarm_controller::ui::plot: src\ui\plot.rs:25: Adding point: t=7.7918979999999465, angle=2.0371265, vel=0
2026-02-11T18:46:22.138947Z TRACE robotarm_controller::serial: src\serial\mod.rs:49: Error reading from serial port: Deserialization error: The original data was not well encoded
2026-02-11T18:46:22.138996Z TRACE robotarm_controller::serial: src\serial\mod.rs:52: Serial port closed
2026-02-11T18:46:22.168105Z DEBUG robotarm_controller::ui::plot: src\ui\plot.rs:25: Adding point: t=8.060578999999962, angle=2.0371265, vel=0
2026-02-11T18:46:22.413194Z TRACE robotarm_controller::serial: src\serial\mod.rs:49: Error reading from serial port: Deserialization error: The original data was not well encoded
2026-02-11T18:46:22.413245Z TRACE robotarm_controller::serial: src\serial\mod.rs:52: Serial port closed
2026-02-11T18:46:22.414544Z DEBUG robotarm_controller::ui::plot: src\ui\plot.rs:25: Adding point: t=8.329257000000098, angle=2.0371265, vel=0
2026-02-11T18:46:22.672332Z TRACE robotarm_controller::serial: src\serial\mod.rs:49: Error reading from serial port: Deserialization error: The original data was not well encoded
2026-02-11T18:46:22.672388Z TRACE robotarm_controller::serial: src\serial\mod.rs:52: Serial port closed
2026-02-11T18:46:22.678167Z DEBUG robotarm_controller::ui::plot: src\ui\plot.rs:25: Adding point: t=8.597931000000017, angle=2.0371265, vel=0
2026-02-11T18:46:22.945131Z TRACE robotarm_controller::serial: src\serial\mod.rs:49: Error reading from serial port: Deserialization error: The original data was not well encoded
2026-02-11T18:46:22.945194Z TRACE robotarm_controller::serial: src\serial\mod.rs:52: Serial port closed
2026-02-11T18:46:22.953690Z DEBUG robotarm_controller::ui::plot: src\ui\plot.rs:25: Adding point: t=8.866612000000032, angle=2.0371265, vel=0
2026-02-11T18:46:23.205413Z TRACE robotarm_controller::serial: src\serial\mod.rs:49: Error reading from serial port: Deserialization error: The original data was not well encoded
2026-02-11T18:46:23.205485Z TRACE robotarm_controller::serial: src\serial\mod.rs:52: Serial port closed
2026-02-11T18:46:23.225055Z DEBUG robotarm_controller::ui::plot: src\ui\plot.rs:25: Adding point: t=9.135297000000037, angle=2.0371265, vel=0
2026-02-11T18:46:23.479958Z TRACE robotarm_controller::serial: src\serial\mod.rs:49: Error reading from serial port: Deserialization error: The original data was not well encoded
2026-02-11T18:46:23.480009Z TRACE robotarm_controller::serial: src\serial\mod.rs:52: Serial port closed
2026-02-11T18:46:23.498551Z DEBUG robotarm_controller::ui::plot: src\ui\plot.rs:25: Adding point: t=9.403978999999936, angle=2.0371265, vel=0
2026-02-11T18:46:23.752836Z TRACE robotarm_controller::serial: src\serial\mod.rs:49: Error reading from serial port: Deserialization error: The original data was not well encoded
2026-02-11T18:46:23.752886Z TRACE robotarm_controller::serial: src\serial\mod.rs:52: Serial port closed
2026-02-11T18:46:23.754566Z DEBUG robotarm_controller::ui::plot: src\ui\plot.rs:25: Adding point: t=9.672657999999956, angle=2.0371265, vel=0
